kinit: KDC can't fulfill requested option while renewing credentials
Traceback (most recent call last):
  File "ana_microtof.py", line 31, in <module>
    wf= MINITOF_det.waveform(evt)
NameError: name 'MINITOF_det' is not defined

------------------------------------------------------------
Sender: LSF System <lsf@psana1103.pcdsn>
Subject: Job 581986: <python ana_microtof.py> in cluster <slac> Exited

Job <python ana_microtof.py> was submitted from host <psanagpu101.pcdsn> by user <sjarosch> in cluster <slac> at Thu Nov 30 17:15:58 2017.
Job was executed on host(s) <12*psana1103>, in queue <psanaq>, as user <sjarosch> in cluster <slac> at Thu Nov 30 17:16:00 2017.
                            <12*psana1104>
                            <12*psana1108>
                            <12*psana1111>
                            <12*psana1115>
                            <4*psana1119>
</reg/neh/home/sjarosch> was used as the home directory.
</reg/neh/home/sjarosch/lr25_code> was used as the working directory.
Started at Thu Nov 30 17:16:00 2017.
Terminated at Thu Nov 30 17:16:05 2017.
Results reported at Thu Nov 30 17:16:05 2017.
Cannot open your job file: /reg/neh/home/sjarosch/.lsbatch/1512090958.581986
Exited with exit code 1.

Resource usage summary:

    CPU time :                                   1.64 sec.
    Max Memory :                                 55 MB
    Average Memory :                             55.00 MB
    Total Requested Memory :                     -
    Delta Memory :                               -
    Max Swap :                                   -
    Max Processes :                              3
    Max Threads :                                5
    Run time :                                   26 sec.
    Turnaround time :                            7 sec.

The output (if any) is above this job summary.

