kinit: KDC can't fulfill requested option while renewing credentials
Traceback (most recent call last):
  File "ana_microtof.py", line 45, in <module>
    hist_L3EnergyWeighted.fill([EBEAM_beam_energy], weights=[np.abs(wf[1][:10000].sum())/FEE_shot_energy])
NameError: name 'np' is not defined

------------------------------------------------------------
Sender: LSF System <lsf@psana1103.pcdsn>
Subject: Job 582551: <python ana_microtof.py> in cluster <slac> Exited

Job <python ana_microtof.py> was submitted from host <psanagpu101.pcdsn> by user <sjarosch> in cluster <slac> at Thu Nov 30 17:18:18 2017.
Job was executed on host(s) <12*psana1103>, in queue <psanaq>, as user <sjarosch> in cluster <slac> at Thu Nov 30 17:18:21 2017.
                            <12*psana1105>
                            <12*psana1106>
                            <12*psana1107>
                            <12*psana1416>
                            <4*psana1418>
</reg/neh/home/sjarosch> was used as the home directory.
</reg/neh/home/sjarosch/lr25_code> was used as the working directory.
Started at Thu Nov 30 17:18:21 2017.
Terminated at Thu Nov 30 17:18:28 2017.
Results reported at Thu Nov 30 17:18:28 2017.
Cannot open your job file: /reg/neh/home/sjarosch/.lsbatch/1512091098.582551
Exited with exit code 1.

Resource usage summary:

    CPU time :                                   1.31 sec.
    Max Memory :                                 52 MB
    Average Memory :                             52.00 MB
    Total Requested Memory :                     -
    Delta Memory :                               -
    Max Swap :                                   -
    Max Processes :                              3
    Max Threads :                                5
    Run time :                                   18 sec.
    Turnaround time :                            10 sec.

The output (if any) is above this job summary.

