kinit: KDC can't fulfill requested option while renewing credentials
python: can't open file 'ana_microtof.py': [Errno 2] No such file or directory

------------------------------------------------------------
Sender: LSF System <lsf@psana1412.pcdsn>
Subject: Job 583301: <python ana_microtof.py> in cluster <slac> Exited

Job <python ana_microtof.py> was submitted from host <psanagpu101.pcdsn> by user <sjarosch> in cluster <slac> at Thu Nov 30 17:21:42 2017.
Job was executed on host(s) <psana1412.pcdsn>, in queue <psanaq>, as user <sjarosch> in cluster <slac> at Thu Nov 30 17:21:45 2017.
</reg/neh/home/sjarosch> was used as the home directory.
</reg/neh/home/sjarosch> was used as the working directory.
Started at Thu Nov 30 17:21:45 2017.
Terminated at Thu Nov 30 17:21:46 2017.
Results reported at Thu Nov 30 17:21:46 2017.
Cannot open your job file: /reg/neh/home/sjarosch/.lsbatch/1512091302.583301
Exited with exit code 2.

Resource usage summary:

    CPU time :                                   0.21 sec.
    Max Memory :                                 -
    Average Memory :                             -
    Total Requested Memory :                     -
    Delta Memory :                               -
    Max Swap :                                   -
    Max Processes :                              -
    Max Threads :                                -
    Run time :                                   2 sec.
    Turnaround time :                            4 sec.

The output (if any) is above this job summary.

