kinit: KDC can't fulfill requested option while renewing credentials
python: can't open file 'b_ana_intensity_scan.py': [Errno 2] No such file or directory
-------------------------------------------------------
Primary job  terminated normally, but 1 process returned
a non-zero exit code.. Per user-direction, the job has been aborted.
-------------------------------------------------------
--------------------------------------------------------------------------
mpirun detected that one or more processes exited with non-zero status, thus causing
the job to be terminated. The first process to do so was:

  Process name: [[39792,1],0]
  Exit code:    2
--------------------------------------------------------------------------

------------------------------------------------------------
Sender: LSF System <lsf@psana1108.pcdsn>
Subject: Job 62158: <mpirun python b_ana_intensity_scan.py> in cluster <slac> Exited

Job <mpirun python b_ana_intensity_scan.py> was submitted from host <psanaphi108.pcdsn> by user <sjarosch> in cluster <slac> at Fri Dec  1 15:39:13 2017.
Job was executed on host(s) <psana1108.pcdsn>, in queue <psanaq>, as user <sjarosch> in cluster <slac> at Fri Dec  1 15:39:14 2017.
</reg/neh/home/sjarosch> was used as the home directory.
</reg/neh/home/sjarosch/lr25_code/output> was used as the working directory.
Started at Fri Dec  1 15:39:14 2017.
Terminated at Fri Dec  1 15:39:15 2017.
Results reported at Fri Dec  1 15:39:15 2017.
Cannot open your job file: /reg/neh/home/sjarosch/.lsbatch/1512171553.62158
Exited with exit code 2.

Resource usage summary:

    CPU time :                                   0.22 sec.
    Max Memory :                                 -
    Average Memory :                             -
    Total Requested Memory :                     -
    Delta Memory :                               -
    Max Swap :                                   -
    Max Processes :                              -
    Max Threads :                                -
    Run time :                                   8 sec.
    Turnaround time :                            2 sec.

The output (if any) is above this job summary.

