kinit: KDC can't fulfill requested option while renewing credentials
yep

------------------------------------------------------------
Sender: LSF System <lsf@psana1108.pcdsn>
Subject: Job 62382: <mpirun python b_ana_intensity_scan.py> in cluster <slac> Done

Job <mpirun python b_ana_intensity_scan.py> was submitted from host <psanaphi108.pcdsn> by user <sjarosch> in cluster <slac> at Fri Dec  1 15:39:29 2017.
Job was executed on host(s) <psana1108.pcdsn>, in queue <psanaq>, as user <sjarosch> in cluster <slac> at Fri Dec  1 15:39:30 2017.
</reg/neh/home/sjarosch> was used as the home directory.
</reg/neh/home/sjarosch/lr25_code> was used as the working directory.
Started at Fri Dec  1 15:39:30 2017.
Terminated at Fri Dec  1 16:06:31 2017.
Results reported at Fri Dec  1 16:06:31 2017.
Cannot open your job file: /reg/neh/home/sjarosch/.lsbatch/1512171569.62382
Successfully completed.

Resource usage summary:

    CPU time :                                   1891.04 sec.
    Max Memory :                                 9166 MB
    Average Memory :                             4889.14 MB
    Total Requested Memory :                     -
    Delta Memory :                               -
    Max Swap :                                   201 MB
    Max Processes :                              4
    Max Threads :                                6
    Run time :                                   1636 sec.
    Turnaround time :                            1622 sec.

The output (if any) is above this job summary.

