kinit: KDC can't fulfill requested option while renewing credentials
yep
yep

------------------------------------------------------------
Sender: LSF System <lsf@psana1420.pcdsn>
Subject: Job 66825: <mpirun python b_ana_intensity_scan.py> in cluster <slac> Done

Job <mpirun python b_ana_intensity_scan.py> was submitted from host <psanaphi108.pcdsn> by user <sjarosch> in cluster <slac> at Fri Dec  1 15:45:03 2017.
Job was executed on host(s) <2*psana1420>, in queue <psanaq>, as user <sjarosch> in cluster <slac> at Fri Dec  1 15:45:06 2017.
</reg/neh/home/sjarosch> was used as the home directory.
</reg/neh/home/sjarosch/lr25_code> was used as the working directory.
Started at Fri Dec  1 15:45:06 2017.
Terminated at Fri Dec  1 16:14:08 2017.
Results reported at Fri Dec  1 16:14:08 2017.
Cannot open your job file: /reg/neh/home/sjarosch/.lsbatch/1512171903.66825
Successfully completed.

Resource usage summary:

    CPU time :                                   4094.30 sec.
    Max Memory :                                 18415 MB
    Average Memory :                             9761.83 MB
    Total Requested Memory :                     -
    Delta Memory :                               -
    Max Swap :                                   27 MB
    Max Processes :                              5
    Max Threads :                                7
    Run time :                                   1759 sec.
    Turnaround time :                            1745 sec.

The output (if any) is above this job summary.

