kinit: KDC can't fulfill requested option while renewing credentials
start
start
0
0
0
0
0
0
0
0
0
0
0
0
0
0
0
0
0
0
0
0
0
0
0
0
0
0
0
0
0
0
0
0
0
0
0
0
0
0
0
0
0
0
0
0
0
0
0
0
0
0
0
0
0
0
0
0
0
0
0
0
0
0
0
0

------------------------------------------------------------
Sender: LSF System <lsf@psana1101.pcdsn>
Subject: Job 75455: <mpirun python b_ana_intensity_scan.py> in cluster <slac> Done

Job <mpirun python b_ana_intensity_scan.py> was submitted from host <psanaphi108.pcdsn> by user <sjarosch> in cluster <slac> at Fri Dec  1 15:55:49 2017.
Job was executed on host(s) <2*psana1101>, in queue <psanaq>, as user <sjarosch> in cluster <slac> at Fri Dec  1 15:55:50 2017.
</reg/neh/home/sjarosch> was used as the home directory.
</reg/neh/home/sjarosch/lr25_code> was used as the working directory.
Started at Fri Dec  1 15:55:50 2017.
Terminated at Fri Dec  1 16:20:18 2017.
Results reported at Fri Dec  1 16:20:18 2017.
Cannot open your job file: /reg/neh/home/sjarosch/.lsbatch/1512172549.75455
Successfully completed.

Resource usage summary:

    CPU time :                                   3445.30 sec.
    Max Memory :                                 18488 MB
    Average Memory :                             9385.62 MB
    Total Requested Memory :                     -
    Delta Memory :                               -
    Max Swap :                                   -
    Max Processes :                              5
    Max Threads :                                7
    Run time :                                   1468 sec.
    Turnaround time :                            1469 sec.

The output (if any) is above this job summary.

