kinit: KDC can't fulfill requested option while renewing credentials
start
start
0.00 done
0.00 done
0.00 done
0.00 done
0.00 done
0.00 done
0.00 done
0.00 done
0.00 done
0.00 done
0.00 done
0.00 done
0.00 done
0.00 done
0.00 done
0.00 done
0.00 done
0.00 done
0.00 done
0.00 done
0.00 done
0.00 done
0.00 done
0.00 done
0.00 done
0.00 done
0.00 done
0.00 done
0.00 done
0.00 done
0.00 done
0.00 done
0.00 done
0.00 done
0.00 done
0.00 done
0.00 done
0.00 done
0.00 done
0.00 done
0.00 done
0.00 done
0.00 done
0.00 done
0.00 done
0.00 done
0.00 done
0.00 done
0.00 done
0.00 done
0.00 done
0.00 done
0.00 done
0.00 done
0.00 done
0.00 done
0.00 done
0.00 done
0.00 done
0.00 done
0.00 done
0.00 done
0.00 done
0.00 done

------------------------------------------------------------
Sender: LSF System <lsf@psana1403.pcdsn>
Subject: Job 81225: <mpirun python b_ana_intensity_scan.py> in cluster <slac> Done

Job <mpirun python b_ana_intensity_scan.py> was submitted from host <psanagpu105.pcdsn> by user <sjarosch> in cluster <slac> at Fri Dec  1 16:03:08 2017.
Job was executed on host(s) <2*psana1403>, in queue <psanaq>, as user <sjarosch> in cluster <slac> at Fri Dec  1 16:03:09 2017.
</reg/neh/home/sjarosch> was used as the home directory.
</reg/neh/home/sjarosch/lr25_code> was used as the working directory.
Started at Fri Dec  1 16:03:09 2017.
Terminated at Fri Dec  1 16:08:09 2017.
Results reported at Fri Dec  1 16:08:09 2017.
Cannot open your job file: /reg/neh/home/sjarosch/.lsbatch/1512172988.81225
Successfully completed.

Resource usage summary:

    CPU time :                                   695.13 sec.
    Max Memory :                                 6257 MB
    Average Memory :                             3057.22 MB
    Total Requested Memory :                     -
    Delta Memory :                               -
    Max Swap :                                   -
    Max Processes :                              5
    Max Threads :                                7
    Run time :                                   324 sec.
    Turnaround time :                            301 sec.

The output (if any) is above this job summary.

