kinit: KDC can't fulfill requested option while renewing credentials
python: can't open file 'ana_delay3.py': [Errno 2] No such file or directory
python: can't open file 'ana_delay3.py': [Errno 2] No such file or directory
python: can't open file 'ana_delay3.py': [Errno 2] No such file or directory
python: can't open file 'ana_delay3.py': [Errno 2] No such file or directory
python: can't open file 'ana_delay3.py': [Errno 2] No such file or directory
python: can't open file 'ana_delay3.py': [Errno 2] No such file or directory
python: can't open file 'ana_delay3.py': [Errno 2] No such file or directory
python: can't open file 'ana_delay3.py': [Errno 2] No such file or directory
python: can't open file 'ana_delay3.py': [Errno 2] No such file or directory
python: can't open file 'ana_delay3.py': [Errno 2] No such file or directory
python: can't open file 'ana_delay3.py': [Errno 2] No such file or directory
python: can't open file 'ana_delay3.py': [Errno 2] No such file or directory
python: can't open file 'ana_delay3.py': [Errno 2] No such file or directory
python: can't open file 'ana_delay3.py': [Errno 2] No such file or directory
python: can't open file 'ana_delay3.py': [Errno 2] No such file or directory
-------------------------------------------------------
Primary job  terminated normally, but 1 process returned
a non-zero exit code.. Per user-direction, the job has been aborted.
-------------------------------------------------------
python: can't open file 'ana_delay3.py': [Errno 2] No such file or directory
python: can't open file 'ana_delay3.py': [Errno 2] No such file or directory
python: can't open file 'ana_delay3.py': [Errno 2] No such file or directory
python: can't open file 'ana_delay3.py': [Errno 2] No such file or directory
python: can't open file 'ana_delay3.py': [Errno 2] No such file or directory
python: can't open file 'ana_delay3.py': [Errno 2] No such file or directory
python: can't open file 'ana_delay3.py': [Errno 2] No such file or directory
python: can't open file 'ana_delay3.py': [Errno 2] No such file or directory
python: can't open file 'ana_delay3.py': [Errno 2] No such file or directory
python: can't open file 'ana_delay3.py': [Errno 2] No such file or directory
python: can't open file 'ana_delay3.py': [Errno 2] No such file or directory
python: can't open file 'ana_delay3.py': [Errno 2] No such file or directory
python: can't open file 'ana_delay3.py': [Errno 2] No such file or directory
python: can't open file 'ana_delay3.py': [Errno 2] No such file or directory
python: can't open file 'ana_delay3.py': [Errno 2] No such file or directory
python: can't open file 'ana_delay3.py': [Errno 2] No such file or directory
--------------------------------------------------------------------------
mpirun detected that one or more processes exited with non-zero status, thus causing
the job to be terminated. The first process to do so was:

  Process name: [[412,1],16]
  Exit code:    2
--------------------------------------------------------------------------

------------------------------------------------------------
Sender: LSF System <lsf@psana1502.pcdsn>
Subject: Job 894358: <mpirun python ana_delay3.py --run 178> in cluster <slac> Exited

Job <mpirun python ana_delay3.py --run 178> was submitted from host <psanaphi105.pcdsn> by user <davemp> in cluster <slac> at Mon Dec  4 16:15:40 2017.
Job was executed on host(s) <16*psana1502>, in queue <psnehhiprioq>, as user <davemp> in cluster <slac> at Mon Dec  4 16:15:43 2017.
                            <16*psana1505>
                            <16*psana1507>
                            <16*psana1512>
</reg/neh/home/davemp> was used as the home directory.
</reg/neh/home/davemp> was used as the working directory.
Started at Mon Dec  4 16:15:43 2017.
Terminated at Mon Dec  4 16:15:47 2017.
Results reported at Mon Dec  4 16:15:47 2017.
Cannot open your job file: /reg/neh/home/davemp/.lsbatch/1512432940.894358
Exited with exit code 2.

Resource usage summary:

    CPU time :                                   4.33 sec.
    Max Memory :                                 -
    Average Memory :                             -
    Total Requested Memory :                     -
    Delta Memory :                               -
    Max Swap :                                   -
    Max Processes :                              -
    Max Threads :                                -
    Run time :                                   26 sec.
    Turnaround time :                            7 sec.

The output (if any) is above this job summary.

